Tue Apr 17 23:30:40 CST 2018

=== Using CBS_pipline ... ===


=== Running cutadapt ... ===

This is cutadapt 1.14 with Python 2.7.5
Command line parameters: -a AGATCGGAAGAGCACACGTCTGAACTCCAGTCAC -A AGATCGGAAGAGCGTCGTGTAGGGAAAGAGTGT -q 15,10 -m 20 -o trim_Chicken_I089-T05_good_1.fastq.gz -p trim_Chicken_I089-T05_good_2.fastq.gz /home/data/GC-TC-wLuo-RNA/Rawdata/Chicken_I089-T05_good_1.fq.gz /home/data/GC-TC-wLuo-RNA/Rawdata/Chicken_I089-T05_good_2.fq.gz
Trimming 2 adapters with at most 10.0% errors in paired-end mode ...
Finished in 1066.10 s (37 us/read; 1.60 M reads/minute).

=== Summary ===

Total read pairs processed:         28,468,258
  Read 1 with adapter:                 704,435 (2.5%)
  Read 2 with adapter:                 706,919 (2.5%)
Pairs that were too short:                 120 (0.0%)
Pairs written (passing filters):    28,468,138 (100.0%)

Total basepairs processed: 8,503,247,916 bp
  Read 1: 4,251,623,958 bp
  Read 2: 4,251,623,958 bp
Quality-trimmed:               3,413,852 bp (0.0%)
  Read 1:       700,333 bp
  Read 2:     2,713,519 bp
Total written (filtered):  8,494,721,778 bp (99.9%)
  Read 1: 4,248,588,990 bp
  Read 2: 4,246,132,788 bp

=== First read: Adapter 1 ===

Sequence: AGATCGGAAGAGCACACGTCTGAACTCCAGTCAC; Type: regular 3'; Length: 34; Trimmed: 704435 times.

No. of allowed errors:
0-9 bp: 0; 10-19 bp: 1; 20-29 bp: 2; 30-34 bp: 3

Bases preceding removed adapters:
  A: 27.6%
  C: 33.6%
  G: 25.8%
  T: 13.0%
  none/other: 0.0%

Overview of removed sequences
length	count	expect	max.err	error counts
3	561000	444816.5	0	561000
4	138614	111204.1	0	138614
5	486	27801.0	0	486
6	160	6950.3	0	160
7	35	1737.6	0	35
8	112	434.4	0	112
9	567	108.6	0	6 561
10	769	27.1	1	8 761
11	346	6.8	1	2 344
12	209	1.7	1	1 208
13	170	0.4	1	0 170
14	140	0.1	1	0 140
15	96	0.0	1	0 96
16	114	0.0	1	0 114
17	97	0.0	1	0 97
18	104	0.0	1	0 104
19	92	0.0	1	0 87 5
20	86	0.0	2	0 46 40
21	98	0.0	2	0 61 37
22	100	0.0	2	0 68 32
23	77	0.0	2	0 45 32
24	75	0.0	2	0 44 31
25	72	0.0	2	0 47 25
26	71	0.0	2	0 47 24
27	67	0.0	2	0 42 25
28	70	0.0	2	0 50 19 1
29	69	0.0	2	0 47 22
30	62	0.0	3	0 30 21 11
31	68	0.0	3	0 40 20 8
32	57	0.0	3	0 26 13 18
33	50	0.0	3	0 22 15 13
34	14	0.0	3	0 0 5 9
35	12	0.0	3	0 0 8 4
36	13	0.0	3	0 0 8 5
37	9	0.0	3	0 0 5 4
38	7	0.0	3	0 0 5 2
39	13	0.0	3	0 0 7 6
40	11	0.0	3	0 0 7 4
41	13	0.0	3	0 0 4 9
42	8	0.0	3	0 0 6 2
43	4	0.0	3	0 0 0 4
44	16	0.0	3	0 0 12 4
45	8	0.0	3	0 0 4 4
46	11	0.0	3	0 0 3 8
47	8	0.0	3	0 0 3 5
48	6	0.0	3	0 0 1 5
49	7	0.0	3	0 0 5 2
50	5	0.0	3	0 0 1 4
51	9	0.0	3	0 0 4 5
52	8	0.0	3	0 0 3 5
53	4	0.0	3	0 0 1 3
54	1	0.0	3	0 0 0 1
55	4	0.0	3	0 0 2 2
56	4	0.0	3	0 0 1 3
57	3	0.0	3	0 0 2 1
58	2	0.0	3	0 0 0 2
59	5	0.0	3	0 0 2 3
60	6	0.0	3	0 0 3 3
61	3	0.0	3	0 0 3
62	2	0.0	3	0 0 1 1
63	3	0.0	3	0 0 1 2
64	4	0.0	3	0 0 0 4
66	1	0.0	3	0 0 1
67	4	0.0	3	0 0 1 3
68	3	0.0	3	0 0 0 3
69	2	0.0	3	0 0 0 2
70	5	0.0	3	0 0 4 1
72	3	0.0	3	0 0 0 3
73	2	0.0	3	0 0 1 1
74	2	0.0	3	0 0 0 2
75	1	0.0	3	0 0 0 1
77	1	0.0	3	0 0 0 1
78	3	0.0	3	0 0 1 2
80	1	0.0	3	0 0 1
81	2	0.0	3	0 0 0 2
82	1	0.0	3	0 0 0 1
83	2	0.0	3	0 0 1 1
84	1	0.0	3	0 0 1
85	3	0.0	3	0 0 3
86	1	0.0	3	0 0 1
87	3	0.0	3	0 0 3
88	2	0.0	3	0 0 0 2
89	1	0.0	3	0 0 0 1
90	1	0.0	3	0 0 1
91	2	0.0	3	0 0 0 2
92	1	0.0	3	0 0 0 1
93	3	0.0	3	0 0 2 1
95	1	0.0	3	0 0 1
98	3	0.0	3	0 0 1 2
99	1	0.0	3	0 0 0 1
102	1	0.0	3	0 0 0 1
104	1	0.0	3	0 0 0 1
105	2	0.0	3	0 0 1 1
106	2	0.0	3	0 0 1 1
109	1	0.0	3	0 0 0 1
111	1	0.0	3	0 0 0 1
112	1	0.0	3	0 0 1
114	2	0.0	3	0 0 1 1
116	1	0.0	3	0 0 1
117	1	0.0	3	0 0 0 1
119	1	0.0	3	0 0 0 1
123	1	0.0	3	0 0 0 1
126	1	0.0	3	0 0 0 1
129	1	0.0	3	0 0 1
133	1	0.0	3	0 0 1
150	5	0.0	3	0 0 4 1

=== Second read: Adapter 2 ===

Sequence: AGATCGGAAGAGCGTCGTGTAGGGAAAGAGTGT; Type: regular 3'; Length: 33; Trimmed: 706919 times.

No. of allowed errors:
0-9 bp: 0; 10-19 bp: 1; 20-29 bp: 2; 30-33 bp: 3

Bases preceding removed adapters:
  A: 27.2%
  C: 33.7%
  G: 25.8%
  T: 13.2%
  none/other: 0.0%

Overview of removed sequences
length	count	expect	max.err	error counts
3	556584	444816.5	0	556584
4	138165	111204.1	0	138165
5	309	27801.0	0	309
6	276	6950.3	0	276
7	103	1737.6	0	103
8	153	434.4	0	153
9	642	108.6	0	74 568
10	903	27.1	1	32 871
11	481	6.8	1	2 479
12	362	1.7	1	0 362
13	405	0.4	1	0 405
14	361	0.1	1	0 361
15	123	0.0	1	0 123
16	160	0.0	1	0 160
17	183	0.0	1	0 183
18	88	0.0	1	0 88
19	89	0.0	1	0 88 1
20	164	0.0	2	0 85 79
21	155	0.0	2	0 80 75
22	163	0.0	2	0 69 94
23	198	0.0	2	0 83 115
24	123	0.0	2	0 53 70
25	136	0.0	2	0 56 80
26	120	0.0	2	0 43 77
27	100	0.0	2	0 39 61
28	110	0.0	2	0 37 73
29	99	0.0	2	0 37 60 2
30	163	0.0	3	0 30 56 77
31	137	0.0	3	0 31 45 61
32	130	0.0	3	0 28 39 63
33	105	0.0	3	0 1 39 65
34	60	0.0	3	0 0 24 36
35	62	0.0	3	0 0 26 36
36	54	0.0	3	0 0 9 45
37	57	0.0	3	0 0 15 42
38	22	0.0	3	0 0 9 13
39	46	0.0	3	0 0 17 29
40	62	0.0	3	0 0 21 41
41	98	0.0	3	0 0 23 75
42	77	0.0	3	0 0 29 48
43	37	0.0	3	0 0 11 26
44	84	0.0	3	0 0 30 54
45	75	0.0	3	0 0 24 51
46	54	0.0	3	0 0 19 35
47	68	0.0	3	0 0 15 53
48	82	0.0	3	0 0 17 65
49	49	0.0	3	0 0 12 37
50	60	0.0	3	0 0 12 48
51	77	0.0	3	0 0 31 46
52	33	0.0	3	0 0 14 19
53	31	0.0	3	0 0 10 21
54	46	0.0	3	0 0 13 33
55	40	0.0	3	0 0 15 25
56	56	0.0	3	0 0 18 38
57	58	0.0	3	0 0 17 41
58	53	0.0	3	0 0 18 35
59	59	0.0	3	0 0 20 39
60	61	0.0	3	0 0 24 37
61	63	0.0	3	0 0 23 40
62	67	0.0	3	0 0 27 40
63	42	0.0	3	0 0 12 30
64	53	0.0	3	0 0 19 34
65	69	0.0	3	0 0 22 47
66	69	0.0	3	0 0 19 50
67	59	0.0	3	0 0 22 37
68	77	0.0	3	0 0 26 51
69	59	0.0	3	0 0 19 40
70	75	0.0	3	0 0 29 46
71	64	0.0	3	0 0 22 42
72	73	0.0	3	0 0 29 44
73	57	0.0	3	0 0 20 37
74	60	0.0	3	0 0 23 37
75	45	0.0	3	0 0 19 26
76	55	0.0	3	0 0 19 36
77	73	0.0	3	0 0 27 46
78	72	0.0	3	0 0 25 47
79	63	0.0	3	0 0 26 37
80	60	0.0	3	0 0 22 38
81	67	0.0	3	0 0 22 45
82	63	0.0	3	0 0 21 42
83	45	0.0	3	0 0 16 29
84	72	0.0	3	0 0 26 46
85	66	0.0	3	0 0 20 46
86	56	0.0	3	0 0 21 35
87	54	0.0	3	0 0 18 36
88	74	0.0	3	0 0 26 48
89	50	0.0	3	0 0 17 33
90	83	0.0	3	0 0 30 53
91	50	0.0	3	0 0 14 36
92	74	0.0	3	0 0 29 45
93	71	0.0	3	0 0 15 56
94	51	0.0	3	0 0 13 38
95	54	0.0	3	0 0 14 40
96	65	0.0	3	0 0 21 44
97	60	0.0	3	0 0 22 38
98	71	0.0	3	0 0 21 50
99	62	0.0	3	0 0 19 43
100	78	0.0	3	0 0 28 50
101	67	0.0	3	0 0 25 42
102	73	0.0	3	0 0 15 58
103	58	0.0	3	0 0 17 41
104	79	0.0	3	0 0 22 57
105	47	0.0	3	0 0 22 25
106	59	0.0	3	0 0 16 43
107	53	0.0	3	0 0 14 39
108	76	0.0	3	0 0 25 51
109	45	0.0	3	0 0 15 30
110	46	0.0	3	0 0 13 33
111	59	0.0	3	0 0 21 38
112	65	0.0	3	0 0 24 41
113	63	0.0	3	0 0 14 49
114	56	0.0	3	0 0 26 30
115	50	0.0	3	0 0 18 32
116	42	0.0	3	0 0 15 27
117	50	0.0	3	0 0 18 32
118	47	0.0	3	0 0 12 35
119	49	0.0	3	0 0 18 31
120	45	0.0	3	0 0 15 30
121	50	0.0	3	0 0 18 32
122	38	0.0	3	0 0 16 22
123	52	0.0	3	0 0 17 35
124	33	0.0	3	0 0 10 23
125	44	0.0	3	0 0 18 26
126	32	0.0	3	0 0 9 23
127	33	0.0	3	0 0 4 29
128	22	0.0	3	0 0 5 17
129	13	0.0	3	0 0 5 8
130	18	0.0	3	0 0 5 13
131	11	0.0	3	0 0 4 7
132	15	0.0	3	0 0 5 10
133	11	0.0	3	0 0 3 8
134	13	0.0	3	0 0 3 10
135	5	0.0	3	0 0 0 5
136	10	0.0	3	0 0 2 8
137	6	0.0	3	0 0 4 2
138	2	0.0	3	0 0 1 1
139	1	0.0	3	0 0 1
140	2	0.0	3	0 0 0 2
143	1	0.0	3	0 0 1
147	1	0.0	3	0 0 0 1
149	2	0.0	3	0 0 1 1
150	3	0.0	3	0 0 3


=== cutadapt Done ===


=== Running hisat2 ... ===

Time loading forward index: 00:00:04
Time loading reference: 00:00:01
Multiseed full-index search: 00:07:27
28468138 reads; of these:
  28468138 (100.00%) were paired; of these:
    4684227 (16.45%) aligned concordantly 0 times
    22595188 (79.37%) aligned concordantly exactly 1 time
    1188723 (4.18%) aligned concordantly >1 times
83.55% overall alignment rate
Time searching: 00:07:28
Overall time: 00:07:32

=== hisat2 Done ===


=== sam to bam ===


=== sort bam by name ===

[bam_sort_core] merging from 24 files and 1 in-memory blocks...

=== mark mate tag ===


=== sort bam by position ===

[bam_sort_core] merging from 25 files and 1 in-memory blocks...

=== mark and remove duplication ===

READ 51904968 WRITTEN 37450162 
EXCLUDED 4337146 EXAMINED 47567822
PAIRED 47567822 SINGLE 0
DULPICATE PAIR 14454806 DUPLICATE SINGLE 0
DUPLICATE TOTAL 14454806

=== index bam ===

Wed Apr 18 01:11:14 CST 2018

******************************FIN*********************************

